<?xml version="1.0" encoding="UTF-8"?>
<!-- Generated by org.testng.reporters.JUnitXMLReporter -->
<testsuite hostname="Jithins-MBP" name="Test2" tests="3" failures="1" timestamp="31 May 2016 10:19:12 GMT" time="12.809" errors="0">
  <testcase name="googleAssertFail" time="4.128" classname="google.GoogleTest">
    <skipped/>
  </testcase> <!-- googleAssertFail -->
  <testcase name="googleAssertFail" time="4.248" classname="google.GoogleTest">
    <failure type="java.lang.AssertionError" message="expected [true] but found [false]">
      <![CDATA[java.lang.AssertionError: expected [true] but found [false]
	at google.GoogleTest.googleAssertFail(GoogleTest.java:45)
... Removed 28 stack frames]]>
    </failure>
  </testcase> <!-- googleAssertFail -->
  <testcase name="googleAssertPass" time="4.044" classname="google.GoogleTest"/>
</testsuite> <!-- Test2 -->
