<?xml version="1.0" encoding="UTF-8"?>
<!-- Generated by org.testng.reporters.JUnitXMLReporter -->
<testsuite hostname="Jithins-MBP" name="Test1" tests="4" failures="1" timestamp="31 May 2016 10:37:43 GMT" time="15.941" errors="0">
  <testcase name="assertgoogle" time="3.977" classname="google.OpenBrowser"/>
  <testcase name="googleAssertPass" time="3.909" classname="google.GoogleTest"/>
  <testcase name="googleAssertFail" time="3.927" classname="google.GoogleTest">
    <skipped/>
  </testcase> <!-- googleAssertFail -->
  <testcase name="googleAssertFail" time="3.685" classname="google.GoogleTest">
    <failure type="java.lang.AssertionError" message="expected [true] but found [false]">
      <![CDATA[java.lang.AssertionError: expected [true] but found [false]
	at google.GoogleTest.googleAssertFail(GoogleTest.java:49)
... Removed 28 stack frames]]>
    </failure>
  </testcase> <!-- googleAssertFail -->
</testsuite> <!-- Test1 -->
